#
# A fatal error has been detected by the Java Runtime Environment:
#
#  SIGSEGV (0xb) at pc=0x000000011f5fd85e, pid=3335, tid=0x0000000000012007
#
# JRE version: Java(TM) SE Runtime Environment (8.0_131-b11) (build 1.8.0_131-b11)
# Java VM: Java HotSpot(TM) 64-Bit Server VM (25.131-b11 mixed mode bsd-amd64 compressed oops)
# Problematic frame:
# C  [libjfxmedia_avf.dylib+0x785e]  AVFKernelComponent::ProcessBufferLists(unsigned int&, AudioBufferList const&, AudioBufferList&, unsigned int)+0x22
#
# Failed to write core dump. Core dumps have been disabled. To enable core dumping, try "ulimit -c unlimited" before starting Java again
#
# If you would like to submit a bug report, please visit:
#   http://bugreport.java.com/bugreport/crash.jsp
#

---------------  T H R E A D  ---------------

Current thread is native thread

siginfo: si_signo: 11 (SIGSEGV), si_code: 0 (unknown), si_addr: 0x0000000000000000

Registers:
RAX=0x6000000000000000, RBX=0x0000700001e09a54, RCX=0x00007fbdc1ecc540, RDX=0x00007fbdc1ecd720
RSP=0x0000700001e097a0, RBP=0x0000700001e097a0, RSI=0x0000700001e09a54, RDI=0x00007fbdc1dc0ac0
R8 =0x0000000000001000, R9 =0x0000700001e095b7, R10=0x000000011f618290, R11=0xffffffffffffee20
R12=0x00007fbdc1ecbc40, R13=0x00007fbdc1ecd720, R14=0x000000011f5fd83c, R15=0x0000000000001000
RIP=0x000000011f5fd85e, EFLAGS=0x0000000000010206, ERR=0x0000000000000000
  TRAPNO=0x000000000000000d

Top of Stack: (sp=0x0000700001e097a0)
0x0000700001e097a0:   0000700001e09800 000000011f606ab2
0x0000700001e097b0:   0000000000000000 0000700001e09a54
0x0000700001e097c0:   0000000000000000 0000000000000000
0x0000700001e097d0:   0000000000000000 0000700001e09a54
0x0000700001e097e0:   00007fbdc1ecbc40 00007fbdc1ecbe20
0x0000700001e097f0:   00007fbdc1ecc090 0000000000001000
0x0000700001e09800:   0000700001e09850 000000011f601369
0x0000700001e09810:   0000000000000000 0000700001e09a78
0x0000700001e09820:   0000000000000000 0000000000009fe0
0x0000700001e09830:   00007fbdc1ecbe20 00000000ffffffce
0x0000700001e09840:   0000000000001000 00007fbdc1ecbc40
0x0000700001e09850:   0000700001e098c0 000000011f5ff9a1
0x0000700001e09860:   00007fbdc1ecc090 00009fe0c4b41257
0x0000700001e09870:   0000700001e09a54 0000700001e09a78
0x0000700001e09880:   0000000001e098e0 00007fbdc1ecc090
0x0000700001e09890:   00009fe000000000 00000000ffffffce
0x0000700001e098a0:   0000700001e09a54 0000000000000000
0x0000700001e098b0:   0000000000001000 0000700001e09a78
0x0000700001e098c0:   0000700001e098e0 000000011f603996
0x0000700001e098d0:   00000000fffffffc 00007fbdc1eca5a0
0x0000700001e098e0:   0000700001e09920 000000011f602777
0x0000700001e098f0:   00007fbdc1eca5a0 0000700001e09a78
0x0000700001e09900:   00007fbdc1ecb100 00000000ffffd584
0x0000700001e09910:   0000700001e09a54 0000000000001000
0x0000700001e09920:   0000700001e09980 000000011f6068f0
0x0000700001e09930:   0000000000000000 0000700001e09a54
0x0000700001e09940:   0000000000000000 0000000000000000
0x0000700001e09950:   0000000000000000 0000700001e09a54
0x0000700001e09960:   00007fbdc1ecb100 00007fbdc1eca690
0x0000700001e09970:   00007fbdc471f3a8 0000000000001000
0x0000700001e09980:   0000700001e099d0 000000011f601369
0x0000700001e09990:   0000000000000000 0000700001e09a78 

Instructions: (pc=0x000000011f5fd85e)
0x000000011f5fd83e:   89 e5 80 bf d0 01 00 00 00 74 06 5d e9 bf 92 00
0x000000011f5fd84e:   00 48 8b bf d8 01 00 00 48 85 ff 74 0a 48 8b 07
0x000000011f5fd85e:   48 8b 40 28 5d ff e0 31 c0 5d c3 90 55 48 89 e5
0x000000011f5fd86e:   41 57 41 56 41 55 41 54 53 50 4d 89 c6 41 89 d5 

Register to memory mapping:

RAX=0x6000000000000000 is an unknown value
RBX=0x0000700001e09a54 is an unknown value
RCX=0x00007fbdc1ecc540 is an unknown value
RDX=0x00007fbdc1ecd720 is an unknown value
RSP=0x0000700001e097a0 is an unknown value
RBP=0x0000700001e097a0 is an unknown value
RSI=0x0000700001e09a54 is an unknown value
RDI=0x00007fbdc1dc0ac0 is an unknown value
R8 =0x0000000000001000 is an unknown value
R9 =0x0000700001e095b7 is an unknown value
R10=0x000000011f618290: _ZTV18AVFEqualizerKernel+0x10 in /Library/Java/JavaVirtualMachines/jdk1.8.0_131.jdk/Contents/Home/jre/lib/libjfxmedia_avf.dylib at 0x000000011f5f6000
R11=0xffffffffffffee20 is an unknown value
R12=0x00007fbdc1ecbc40 is an unknown value
R13=0x00007fbdc1ecd720 is an unknown value
R14=0x000000011f5fd83c: _ZN18AVFKernelComponent18ProcessBufferListsERjRK15AudioBufferListRS1_j+0 in /Library/Java/JavaVirtualMachines/jdk1.8.0_131.jdk/Contents/Home/jre/lib/libjfxmedia_avf.dylib at 0x000000011f5f6000
R15=0x0000000000001000 is an unknown value


Stack: [0x0000700001d8a000,0x0000700001e0a000],  sp=0x0000700001e097a0,  free space=509k
Native frames: (J=compiled Java code, j=interpreted, Vv=VM code, C=native code)
C  [libjfxmedia_avf.dylib+0x785e]  AVFKernelComponent::ProcessBufferLists(unsigned int&, AudioBufferList const&, AudioBufferList&, unsigned int)+0x22
C  [libjfxmedia_avf.dylib+0x10ab2]  AUEffectBase::Render(unsigned int&, AudioTimeStamp const&, unsigned int)+0x240
C  [libjfxmedia_avf.dylib+0xb369]  AUBase::DoRenderBus(unsigned int&, AudioTimeStamp const&, unsigned int, AUOutputElement*, unsigned int, AudioBufferList&)+0xa9
C  [libjfxmedia_avf.dylib+0x99a1]  AUBase::DoRender(unsigned int&, AudioTimeStamp const&, unsigned int, unsigned int, AudioBufferList&)+0x1b9
C  [libjfxmedia_avf.dylib+0xd996]  AUMethodRender(void*, unsigned int*, AudioTimeStamp const*, unsigned int, unsigned int, AudioBufferList*)+0x2e
C  [libjfxmedia_avf.dylib+0xc777]  AUInputElement::PullInput(unsigned int&, AudioTimeStamp const&, unsigned int, unsigned int)+0x8d
C  [libjfxmedia_avf.dylib+0x108f0]  AUEffectBase::Render(unsigned int&, AudioTimeStamp const&, unsigned int)+0x7e
C  [libjfxmedia_avf.dylib+0xb369]  AUBase::DoRenderBus(unsigned int&, AudioTimeStamp const&, unsigned int, AUOutputElement*, unsigned int, AudioBufferList&)+0xa9
C  [libjfxmedia_avf.dylib+0x99a1]  AUBase::DoRender(unsigned int&, AudioTimeStamp const&, unsigned int, unsigned int, AudioBufferList&)+0x1b9
C  [libjfxmedia_avf.dylib+0xd996]  AUMethodRender(void*, unsigned int*, AudioTimeStamp const*, unsigned int, unsigned int, AudioBufferList*)+0x2e
C  [libjfxmedia_avf.dylib+0x54b1]  ProcessAudioTap(void const*, long, unsigned int, AudioBufferList*, long*, unsigned int*)+0x63
C  [MediaToolbox+0x3713fd]  MTAudioProcessingTapGetSourceAudio+0x852
C  [AudioToolbox+0xe41e9]  AQClientCallProcessingTap(void*, unsigned int, AudioTimeStamp*, unsigned int*, unsigned int*, AudioBufferList*, int, double, unsigned int, double, unsigned int, unsigned char const*, unsigned int)+0x5d
C  [AudioToolbox+0x16af0e]  AQProcessingTap::DoCallout(unsigned int&, AudioTimeStamp&, unsigned int&, AudioBufferList&)+0xbc
C  [AudioToolbox+0x16ad0d]  AudioQueueObject::PerformTapInternal(AudioTimeStamp&, unsigned int&, unsigned int&)+0x85
C  [AudioToolbox+0x16ac13]  AudioQueueObject::PerformProcessingTap(int (*)(void*, unsigned int&, AudioTimeStamp const&, unsigned int, AudioBufferList&, double&, unsigned int&), void*, AudioTimeStamp&, unsigned int&, AudioBufferList&, unsigned int&)+0xc5
C  [AudioToolbox+0x176227]  MEMixerChannel::TapDownstream(void*, unsigned int*, AudioTimeStamp const*, unsigned int, unsigned int, AudioBufferList*)+0x81
C  [CoreAudio+0x10cef5]  AUInputElement::PullInput(unsigned int&, AudioTimeStamp const&, unsigned int, unsigned int)+0xb9
C  [CoreAudio+0x5f574]  AUDeferredRenderer::Produce()+0x240
C  [CoreAudio+0x5f2ab]  AUDeferredRenderer::ProducerThreadProc()+0x31
C  [CoreAudio+0x5ecab]  AUDeferredRenderer::ProducerThreadProc(void*)+0x1f
C  [CoreAudio+0x1236e5]  CAPThread::Entry(CAPThread*)+0x55
C  [libsystem_pthread.dylib+0x393b]  _pthread_body+0xb4
C  [libsystem_pthread.dylib+0x3887]  _pthread_body+0x0
C  [libsystem_pthread.dylib+0x308d]  thread_start+0xd


---------------  P R O C E S S  ---------------

VM state:at safepoint (normal execution)

VM Mutex/Monitor currently owned by a thread:  ([mutex/lock_event])
[0x00007fbdc1d05340] Threads_lock - owner thread: 0x00007fbdc2844800
[0x00007fbdc1d05840] Heap_lock - owner thread: 0x00007fbdc280c800

Heap:
 PSYoungGen      total 37888K, used 25383K [0x0000000795580000, 0x0000000798280000, 0x00000007c0000000)
  eden space 32768K, 61% used [0x0000000795580000,0x000000079694d1f8,0x0000000797580000)
  from space 5120K, 99% used [0x0000000797600000,0x0000000797afca08,0x0000000797b00000)
  to   space 6656K, 0% used [0x0000000797c00000,0x0000000797c00000,0x0000000798280000)
 ParOldGen       total 87552K, used 1970K [0x0000000740000000, 0x0000000745580000, 0x0000000795580000)
  object space 87552K, 2% used [0x0000000740000000,0x00000007401ec9f8,0x0000000745580000)
 Metaspace       used 16641K, capacity 17282K, committed 17536K, reserved 1064960K
  class space    used 2183K, capacity 2348K, committed 2432K, reserved 1048576K

Card table byte_map: [0x000000010405b000,0x000000010445c000] byte_map_base: 0x000000010065b000

Marking Bits: (ParMarkBitMap*) 0x0000000102d3eea0
 Begin Bits: [0x0000000104707000, 0x0000000106707000)
 End Bits:   [0x0000000106707000, 0x0000000108707000)

Polling page: 0x00000001033fe000

CodeCache: size=245760Kb used=6649Kb max_used=6649Kb free=239110Kb
 bounds [0x000000010dc4a000, 0x000000010e2da000, 0x000000011cc4a000]
 total_blobs=2837 nmethods=2189 adapters=561
 compilation: enabled

Compilation events (10 events):
Event: 36.131 Thread 0x00007fbdc3847000 2192       1       com.sun.prism.es2.GLContext::getBoundTexture (7 bytes)
Event: 36.132 Thread 0x00007fbdc3847000 nmethod 2192 0x000000010e2c3090 code [0x000000010e2c31e0, 0x000000010e2c3310]
Event: 36.132 Thread 0x00007fbdc3847000 2190       3       java.lang.invoke.MethodHandles$Lookup::getDirectMethodCommon (271 bytes)
Event: 36.134 Thread 0x00007fbdc3847000 nmethod 2190 0x000000010e2c66d0 code [0x000000010e2c69e0, 0x000000010e2c8458]
Event: 36.134 Thread 0x00007fbdc3847000 2191       3       java.lang.invoke.MethodHandles$Lookup::checkMethod (83 bytes)
Event: 36.134 Thread 0x00007fbdc3847000 nmethod 2191 0x000000010e2c2110 code [0x000000010e2c2300, 0x000000010e2c2d38]
Event: 36.134 Thread 0x00007fbdc3847000 2193       3       sun.invoke.util.VerifyAccess::isMemberAccessible (261 bytes)
Event: 36.135 Thread 0x00007fbdc3847000 nmethod 2193 0x000000010e2c8d50 code [0x000000010e2c9040, 0x000000010e2ca5d8]
Event: 36.166 Thread 0x00007fbdc3847000 2194       3       java.lang.invoke.DirectMethodHandle::shouldBeInitialized (123 bytes)
Event: 36.168 Thread 0x00007fbdc3847000 nmethod 2194 0x000000010e2c5c50 code [0x000000010e2c5e20, 0x000000010e2c6568]

GC Heap History (10 events):
Event: 2.400 GC heap before
{Heap before GC invocations=1 (full 0):
 PSYoungGen      total 38400K, used 33280K [0x0000000795580000, 0x0000000798000000, 0x00000007c0000000)
  eden space 33280K, 100% used [0x0000000795580000,0x0000000797600000,0x0000000797600000)
  from space 5120K, 0% used [0x0000000797b00000,0x0000000797b00000,0x0000000798000000)
  to   space 5120K, 0% used [0x0000000797600000,0x0000000797600000,0x0000000797b00000)
 ParOldGen       total 87552K, used 0K [0x0000000740000000, 0x0000000745580000, 0x0000000795580000)
  object space 87552K, 0% used [0x0000000740000000,0x0000000740000000,0x0000000745580000)
 Metaspace       used 11860K, capacity 12200K, committed 12416K, reserved 1060864K
  class space    used 1521K, capacity 1627K, committed 1664K, reserved 1048576K
Event: 2.412 GC heap after
Heap after GC invocations=1 (full 0):
 PSYoungGen      total 38400K, used 4088K [0x0000000795580000, 0x0000000798000000, 0x00000007c0000000)
  eden space 33280K, 0% used [0x0000000795580000,0x0000000795580000,0x0000000797600000)
  from space 5120K, 79% used [0x0000000797600000,0x00000007979fe308,0x0000000797b00000)
  to   space 5120K, 0% used [0x0000000797b00000,0x0000000797b00000,0x0000000798000000)
 ParOldGen       total 87552K, used 80K [0x0000000740000000, 0x0000000745580000, 0x0000000795580000)
  object space 87552K, 0% used [0x0000000740000000,0x0000000740014010,0x0000000745580000)
 Metaspace       used 11860K, capacity 12200K, committed 12416K, reserved 1060864K
  class space    used 1521K, capacity 1627K, committed 1664K, reserved 1048576K
}
Event: 14.474 GC heap before
{Heap before GC invocations=2 (full 0):
 PSYoungGen      total 38400K, used 37368K [0x0000000795580000, 0x0000000798000000, 0x00000007c0000000)
  eden space 33280K, 100% used [0x0000000795580000,0x0000000797600000,0x0000000797600000)
  from space 5120K, 79% used [0x0000000797600000,0x00000007979fe308,0x0000000797b00000)
  to   space 5120K, 0% used [0x0000000797b00000,0x0000000797b00000,0x0000000798000000)
 ParOldGen       total 87552K, used 80K [0x0000000740000000, 0x0000000745580000, 0x0000000795580000)
  object space 87552K, 0% used [0x0000000740000000,0x0000000740014010,0x0000000745580000)
 Metaspace       used 15904K, capacity 16496K, committed 16768K, reserved 1062912K
  class space    used 2164K, capacity 2327K, committed 2432K, reserved 1048576K
Event: 14.486 GC heap after
Heap after GC invocations=2 (full 0):
 PSYoungGen      total 38400K, used 5090K [0x0000000795580000, 0x0000000798000000, 0x00000007c0000000)
  eden space 33280K, 0% used [0x0000000795580000,0x0000000795580000,0x0000000797600000)
  from space 5120K, 99% used [0x0000000797b00000,0x0000000797ff8a18,0x0000000798000000)
  to   space 5120K, 0% used [0x0000000797600000,0x0000000797600000,0x0000000797b00000)
 ParOldGen       total 87552K, used 1882K [0x0000000740000000, 0x0000000745580000, 0x0000000795580000)
  object space 87552K, 2% used [0x0000000740000000,0x00000007401d69f8,0x0000000745580000)
 Metaspace       used 15904K, capacity 16496K, committed 16768K, reserved 1062912K
  class space    used 2164K, capacity 2327K, committed 2432K, reserved 1048576K
}
Event: 19.592 GC heap before
{Heap before GC invocations=3 (full 0):
 PSYoungGen      total 38400K, used 38370K [0x0000000795580000, 0x0000000798000000, 0x00000007c0000000)
  eden space 33280K, 100% used [0x0000000795580000,0x0000000797600000,0x0000000797600000)
  from space 5120K, 99% used [0x0000000797b00000,0x0000000797ff8a18,0x0000000798000000)
  to   space 5120K, 0% used [0x0000000797600000,0x0000000797600000,0x0000000797b00000)
 ParOldGen       total 87552K, used 1882K [0x0000000740000000, 0x0000000745580000, 0x0000000795580000)
  object space 87552K, 2% used [0x0000000740000000,0x00000007401d69f8,0x0000000745580000)
 Metaspace       used 16298K, capacity 16912K, committed 17280K, reserved 1064960K
  class space    used 2173K, capacity 2337K, committed 2432K, reserved 1048576K
Event: 19.598 GC heap after
Heap after GC invocations=3 (full 0):
 PSYoungGen      total 38400K, used 5090K [0x0000000795580000, 0x0000000798000000, 0x00000007c0000000)
  eden space 33280K, 0% used [0x0000000795580000,0x0000000795580000,0x0000000797600000)
  from space 5120K, 99% used [0x0000000797600000,0x0000000797af89f8,0x0000000797b00000)
  to   space 5120K, 0% used [0x0000000797b00000,0x0000000797b00000,0x0000000798000000)
 ParOldGen       total 87552K, used 1946K [0x0000000740000000, 0x0000000745580000, 0x0000000795580000)
  object space 87552K, 2% used [0x0000000740000000,0x00000007401e69f8,0x0000000745580000)
 Metaspace       used 16298K, capacity 16912K, committed 17280K, reserved 1064960K
  class space    used 2173K, capacity 2337K, committed 2432K, reserved 1048576K
}
Event: 25.884 GC heap before
{Heap before GC invocations=4 (full 0):
 PSYoungGen      total 38400K, used 38370K [0x0000000795580000, 0x0000000798000000, 0x00000007c0000000)
  eden space 33280K, 100% used [0x0000000795580000,0x0000000797600000,0x0000000797600000)
  from space 5120K, 99% used [0x0000000797600000,0x0000000797af89f8,0x0000000797b00000)
  to   space 5120K, 0% used [0x0000000797b00000,0x0000000797b00000,0x0000000798000000)
 ParOldGen       total 87552K, used 1946K [0x0000000740000000, 0x0000000745580000, 0x0000000795580000)
  object space 87552K, 2% used [0x0000000740000000,0x00000007401e69f8,0x0000000745580000)
 Metaspace       used 16494K, capacity 17168K, committed 17536K, reserved 1064960K
  class space    used 2174K, capacity 2337K, committed 2432K, reserved 1048576K
Event: 25.893 GC heap after
Heap after GC invocations=4 (full 0):
 PSYoungGen      total 38400K, used 5106K [0x0000000795580000, 0x0000000798000000, 0x00000007c0000000)
  eden space 33280K, 0% used [0x0000000795580000,0x0000000795580000,0x0000000797600000)
  from space 5120K, 99% used [0x0000000797b00000,0x0000000797ffca08,0x0000000798000000)
  to   space 5120K, 0% used [0x0000000797600000,0x0000000797600000,0x0000000797b00000)
 ParOldGen       total 87552K, used 1954K [0x0000000740000000, 0x0000000745580000, 0x0000000795580000)
  object space 87552K, 2% used [0x0000000740000000,0x00000007401e89f8,0x0000000745580000)
 Metaspace       used 16494K, capacity 17168K, committed 17536K, reserved 1064960K
  class space    used 2174K, capacity 2337K, committed 2432K, reserved 1048576K
}
Event: 32.293 GC heap before
{Heap before GC invocations=5 (full 0):
 PSYoungGen      total 38400K, used 38386K [0x0000000795580000, 0x0000000798000000, 0x00000007c0000000)
  eden space 33280K, 100% used [0x0000000795580000,0x0000000797600000,0x0000000797600000)
  from space 5120K, 99% used [0x0000000797b00000,0x0000000797ffca08,0x0000000798000000)
  to   space 5120K, 0% used [0x0000000797600000,0x0000000797600000,0x0000000797b00000)
 ParOldGen       total 87552K, used 1954K [0x0000000740000000, 0x0000000745580000, 0x0000000795580000)
  object space 87552K, 2% used [0x0000000740000000,0x00000007401e89f8,0x0000000745580000)
 Metaspace       used 16578K, capacity 17232K, committed 17536K, reserved 1064960K
  class space    used 2174K, capacity 2337K, committed 2432K, reserved 1048576K
Event: 32.303 GC heap after
Heap after GC invocations=5 (full 0):
 PSYoungGen      total 37888K, used 5106K [0x0000000795580000, 0x0000000798280000, 0x00000007c0000000)
  eden space 32768K, 0% used [0x0000000795580000,0x0000000795580000,0x0000000797580000)
  from space 5120K, 99% used [0x0000000797600000,0x0000000797afca08,0x0000000797b00000)
  to   space 6656K, 0% used [0x0000000797c00000,0x0000000797c00000,0x0000000798280000)
 ParOldGen       total 87552K, used 1970K [0x0000000740000000, 0x0000000745580000, 0x0000000795580000)
  object space 87552K, 2% used [0x0000000740000000,0x00000007401ec9f8,0x0000000745580000)
 Metaspace       used 16578K, capacity 17232K, committed 17536K, reserved 1064960K
  class space    used 2174K, capacity 2337K, committed 2432K, reserved 1048576K
}

Deoptimization events (10 events):
Event: 2.747 Thread 0x00007fbdc2921800 Uncommon trap: reason=class_check action=maybe_recompile pc=0x000000010df180c4 method=java.io.DataInputStream.readShort()S @ 4
Event: 2.747 Thread 0x00007fbdc2921800 Uncommon trap: reason=class_check action=maybe_recompile pc=0x000000010df180c4 method=java.io.DataInputStream.readShort()S @ 4
Event: 2.772 Thread 0x00007fbdc2921800 Uncommon trap: reason=class_check action=maybe_recompile pc=0x000000010dd6adf8 method=java.lang.String.equals(Ljava/lang/Object;)Z @ 8
Event: 2.772 Thread 0x00007fbdc2921800 Uncommon trap: reason=class_check action=maybe_recompile pc=0x000000010dd6adf8 method=java.lang.String.equals(Ljava/lang/Object;)Z @ 8
Event: 2.772 Thread 0x00007fbdc2921800 Uncommon trap: reason=class_check action=maybe_recompile pc=0x000000010dd6adf8 method=java.lang.String.equals(Ljava/lang/Object;)Z @ 8
Event: 2.776 Thread 0x00007fbdc2921800 Uncommon trap: reason=class_check action=maybe_recompile pc=0x000000010dd6adf8 method=java.lang.String.equals(Ljava/lang/Object;)Z @ 8
Event: 3.676 Thread 0x00007fbdc2921800 Uncommon trap: reason=unstable_if action=reinterpret pc=0x000000010de94160 method=java.lang.CharacterData.of(I)Ljava/lang/CharacterData; @ 4
Event: 13.375 Thread 0x00007fbdc2921800 Uncommon trap: reason=unstable_if action=reinterpret pc=0x000000010df697b4 method=jdk.internal.org.objectweb.asm.Type.getArgumentsAndReturnSizes(Ljava/lang/String;)I @ 47
Event: 17.082 Thread 0x00007fbdc2921800 Uncommon trap: reason=unstable_if action=reinterpret pc=0x000000010e040970 method=java.util.HashMap.isEmpty()Z @ 4
Event: 36.166 Thread 0x00007fbdc2921800 Uncommon trap: reason=unstable_if action=reinterpret pc=0x000000010e2514a4 method=java.util.concurrent.locks.ReentrantLock$Sync.tryRelease(I)Z @ 28

Internal exceptions (10 events):
Event: 0.979 Thread 0x00007fbdc280c800 Exception <a 'java/security/PrivilegedActionException'> (0x0000000795aa5918) thrown at [/Users/java_re/workspace/8-2-build-macosx-x86_64/jdk8u131/8869/hotspot/src/share/vm/prims/jvm.cpp, line 1390]
Event: 0.980 Thread 0x00007fbdc280c800 Exception <a 'java/lang/NullPointerException'> (0x0000000795aa76c0) thrown at [/Users/java_re/workspace/8-2-build-macosx-x86_64/jdk8u131/8869/hotspot/src/share/vm/interpreter/linkResolver.cpp, line 1197]
Event: 1.808 Thread 0x00007fbdc2921800 Exception <a 'java/lang/NullPointerException'> (0x00000007967c8528) thrown at [/Users/java_re/workspace/8-2-build-macosx-x86_64/jdk8u131/8869/hotspot/src/share/vm/interpreter/linkResolver.cpp, line 1197]
Event: 1.808 Thread 0x00007fbdc2921800 Exception <a 'java/lang/NullPointerException'> (0x00000007967c8528) thrown at [/Users/java_re/workspace/8-2-build-macosx-x86_64/jdk8u131/8869/hotspot/src/share/vm/prims/jvm.cpp, line 1394]
Event: 2.033 Thread 0x00007fbdc2921800 Exception <a 'java/io/FileNotFoundException'> (0x0000000796b70408) thrown at [/Users/java_re/workspace/8-2-build-macosx-x86_64/jdk8u131/8869/hotspot/src/share/vm/prims/jni.cpp, line 709]
Event: 2.094 Thread 0x00007fbdc2921800 Exception <a 'java/lang/ArrayIndexOutOfBoundsException'> (0x0000000796c7d320) thrown at [/Users/java_re/workspace/8-2-build-macosx-x86_64/jdk8u131/8869/hotspot/src/share/vm/runtime/sharedRuntime.cpp, line 605]
Event: 2.095 Thread 0x00007fbdc2921800 Exception <a 'java/lang/ArrayIndexOutOfBoundsException'> (0x0000000796c7f6e8) thrown at [/Users/java_re/workspace/8-2-build-macosx-x86_64/jdk8u131/8869/hotspot/src/share/vm/runtime/sharedRuntime.cpp, line 605]
Event: 2.096 Thread 0x00007fbdc2921800 Exception <a 'java/lang/ArrayIndexOutOfBoundsException'> (0x0000000796c81590) thrown at [/Users/java_re/workspace/8-2-build-macosx-x86_64/jdk8u131/8869/hotspot/src/share/vm/runtime/sharedRuntime.cpp, line 605]
Event: 2.281 Thread 0x00007fbdc2921800 Implicit null exception at 0x000000010de82574 to 0x000000010de8296d
Event: 2.329 Thread 0x00007fbdc2921800 Exception <a 'java/lang/NullPointerException'> (0x000000079721d010) thrown at [/Users/java_re/workspace/8-2-build-macosx-x86_64/jdk8u131/8869/hotspot/src/share/vm/interpreter/linkResolver.cpp, line 1299]

Events (10 events):
Event: 36.168 Thread 0x00007fbdc2921800 Thread exited: 0x00007fbdc2921800
Event: 36.168 Thread 0x00007fbdc280c800 Thread exited: 0x00007fbdc280c800
Event: 36.168 Thread 0x00007fbdc280c800 Thread added: 0x00007fbdc280c800
Event: 36.168 loading class java/util/IdentityHashMap$KeySet
Event: 36.168 loading class java/util/IdentityHashMap$KeySet done
Event: 36.168 loading class java/util/IdentityHashMap$KeyIterator
Event: 36.168 loading class java/util/IdentityHashMap$IdentityHashMapIterator
Event: 36.168 loading class java/util/IdentityHashMap$IdentityHashMapIterator done
Event: 36.168 loading class java/util/IdentityHashMap$KeyIterator done
Event: 36.168 Thread 0x00007fbdc280c800 Thread exited: 0x00007fbdc280c800


Dynamic libraries:
0x0000000050829000 	/System/Library/Frameworks/Cocoa.framework/Versions/A/Cocoa
0x0000000050829000 	/System/Library/Frameworks/Security.framework/Versions/A/Security
0x0000000050829000 	/System/Library/Frameworks/ApplicationServices.framework/Versions/A/ApplicationServices
0x0000000050829000 	/usr/lib/libz.1.dylib
0x0000000050829000 	/usr/lib/libSystem.B.dylib
0x0000000050829000 	/usr/lib/libobjc.A.dylib
0x0000000050829000 	/System/Library/Frameworks/CoreFoundation.framework/Versions/A/CoreFoundation
0x0000000050829000 	/System/Library/Frameworks/Foundation.framework/Versions/C/Foundation
0x0000000050829000 	/System/Library/Frameworks/AppKit.framework/Versions/C/AppKit
0x0000000050829000 	/System/Library/Frameworks/CoreData.framework/Versions/A/CoreData
0x0000000050829000 	/System/Library/PrivateFrameworks/RemoteViewServices.framework/Versions/A/RemoteViewServices
0x0000000050829000 	/System/Library/PrivateFrameworks/UIFoundation.framework/Versions/A/UIFoundation
0x0000000050829000 	/System/Library/PrivateFrameworks/DFRFoundation.framework/Versions/A/DFRFoundation
0x0000000050829000 	/usr/lib/libenergytrace.dylib
0x0000000050829000 	/System/Library/PrivateFrameworks/SkyLight.framework/Versions/A/SkyLight
0x0000000050829000 	/System/Library/Frameworks/CoreGraphics.framework/Versions/A/CoreGraphics
0x0000000050829000 	/usr/lib/libScreenReader.dylib
0x0000000050829000 	/System/Library/Frameworks/Accelerate.framework/Versions/A/Accelerate
0x0000000050829000 	/System/Library/Frameworks/IOSurface.framework/Versions/A/IOSurface
0x0000000050829000 	/System/Library/Frameworks/AudioToolbox.framework/Versions/A/AudioToolbox
0x0000000050829000 	/System/Library/Frameworks/AudioUnit.framework/Versions/A/AudioUnit
0x0000000050829000 	/System/Library/PrivateFrameworks/DataDetectorsCore.framework/Versions/A/DataDetectorsCore
0x0000000050829000 	/System/Library/PrivateFrameworks/DesktopServicesPriv.framework/Versions/A/DesktopServicesPriv
0x0000000050829000 	/System/Library/Frameworks/Carbon.framework/Versions/A/Frameworks/HIToolbox.framework/Versions/A/HIToolbox
0x0000000050829000 	/usr/lib/libicucore.A.dylib
0x0000000050829000 	/System/Library/Frameworks/QuartzCore.framework/Versions/A/QuartzCore
0x0000000050829000 	/System/Library/Frameworks/Carbon.framework/Versions/A/Frameworks/SpeechRecognition.framework/Versions/A/SpeechRecognition
0x0000000050829000 	/usr/lib/libauto.dylib
0x0000000050829000 	/usr/lib/libxml2.2.dylib
0x0000000050829000 	/System/Library/PrivateFrameworks/CoreUI.framework/Versions/A/CoreUI
0x0000000050829000 	/System/Library/Frameworks/CoreAudio.framework/Versions/A/CoreAudio
0x0000000050829000 	/System/Library/Frameworks/DiskArbitration.framework/Versions/A/DiskArbitration
0x0000000050829000 	/usr/lib/liblangid.dylib
0x0000000050829000 	/System/Library/PrivateFrameworks/MultitouchSupport.framework/Versions/A/MultitouchSupport
0x0000000050829000 	/System/Library/Frameworks/IOKit.framework/Versions/A/IOKit
0x0000000050829000 	/usr/lib/libDiagnosticMessagesClient.dylib
0x0000000050829000 	/System/Library/Frameworks/CoreServices.framework/Versions/A/CoreServices
0x0000000050829000 	/System/Library/PrivateFrameworks/PerformanceAnalysis.framework/Versions/A/PerformanceAnalysis
0x0000000050829000 	/System/Library/PrivateFrameworks/GenerationalStorage.framework/Versions/A/GenerationalStorage
0x0000000050829000 	/System/Library/Frameworks/OpenGL.framework/Versions/A/OpenGL
0x0000000050829000 	/System/Library/Frameworks/CoreImage.framework/Versions/A/CoreImage
0x0000000050829000 	/System/Library/Frameworks/CoreText.framework/Versions/A/CoreText
0x0000000050829000 	/System/Library/Frameworks/ImageIO.framework/Versions/A/ImageIO
0x0000000050829000 	/System/Library/PrivateFrameworks/Backup.framework/Versions/A/Backup
0x0000000050829000 	/usr/lib/libarchive.2.dylib
0x0000000050829000 	/System/Library/Frameworks/CFNetwork.framework/Versions/A/CFNetwork
0x0000000050829000 	/System/Library/Frameworks/SystemConfiguration.framework/Versions/A/SystemConfiguration
0x0000000050829000 	/usr/lib/libCRFSuite.dylib
0x0000000050829000 	/usr/lib/libc++.1.dylib
0x0000000050829000 	/usr/lib/libc++abi.dylib
0x0000000050829000 	/usr/lib/system/libcache.dylib
0x0000000050829000 	/usr/lib/system/libcommonCrypto.dylib
0x0000000050829000 	/usr/lib/system/libcompiler_rt.dylib
0x0000000050829000 	/usr/lib/system/libcopyfile.dylib
0x0000000050829000 	/usr/lib/system/libcorecrypto.dylib
0x0000000050829000 	/usr/lib/system/libdispatch.dylib
0x0000000050829000 	/usr/lib/system/libdyld.dylib
0x0000000050829000 	/usr/lib/system/libkeymgr.dylib
0x0000000050829000 	/usr/lib/system/liblaunch.dylib
0x0000000050829000 	/usr/lib/system/libmacho.dylib
0x0000000050829000 	/usr/lib/system/libquarantine.dylib
0x0000000050829000 	/usr/lib/system/libremovefile.dylib
0x0000000050829000 	/usr/lib/system/libsystem_asl.dylib
0x0000000050829000 	/usr/lib/system/libsystem_blocks.dylib
0x0000000050829000 	/usr/lib/system/libsystem_c.dylib
0x0000000050829000 	/usr/lib/system/libsystem_configuration.dylib
0x0000000050829000 	/usr/lib/system/libsystem_coreservices.dylib
0x0000000050829000 	/usr/lib/system/libsystem_coretls.dylib
0x0000000050829000 	/usr/lib/system/libsystem_dnssd.dylib
0x0000000050829000 	/usr/lib/system/libsystem_info.dylib
0x0000000050829000 	/usr/lib/system/libsystem_kernel.dylib
0x0000000050829000 	/usr/lib/system/libsystem_m.dylib
0x0000000050829000 	/usr/lib/system/libsystem_malloc.dylib
0x0000000050829000 	/usr/lib/system/libsystem_network.dylib
0x0000000050829000 	/usr/lib/system/libsystem_networkextension.dylib
0x0000000050829000 	/usr/lib/system/libsystem_notify.dylib
0x0000000050829000 	/usr/lib/system/libsystem_platform.dylib
0x0000000050829000 	/usr/lib/system/libsystem_pthread.dylib
0x0000000050829000 	/usr/lib/system/libsystem_sandbox.dylib
0x0000000050829000 	/usr/lib/system/libsystem_secinit.dylib
0x0000000050829000 	/usr/lib/system/libsystem_symptoms.dylib
0x0000000050829000 	/usr/lib/system/libsystem_trace.dylib
0x0000000050829000 	/usr/lib/system/libunwind.dylib
0x0000000050829000 	/usr/lib/system/libxpc.dylib
0x0000000050829000 	/usr/lib/libbsm.0.dylib
0x0000000050829000 	/usr/lib/system/libkxld.dylib
0x0000000050829000 	/usr/lib/libcoretls.dylib
0x0000000050829000 	/usr/lib/libcoretls_cfhelpers.dylib
0x0000000050829000 	/usr/lib/libOpenScriptingUtil.dylib
0x0000000050829000 	/usr/lib/libpam.2.dylib
0x0000000050829000 	/usr/lib/libsqlite3.dylib
0x0000000050829000 	/usr/lib/libxar.1.dylib
0x0000000050829000 	/usr/lib/libbz2.1.0.dylib
0x0000000050829000 	/usr/lib/liblzma.5.dylib
0x0000000050829000 	/usr/lib/libnetwork.dylib
0x0000000050829000 	/usr/lib/libpcap.A.dylib
0x0000000050829000 	/System/Library/Frameworks/CoreServices.framework/Versions/A/Frameworks/FSEvents.framework/Versions/A/FSEvents
0x0000000050829000 	/System/Library/Frameworks/CoreServices.framework/Versions/A/Frameworks/CarbonCore.framework/Versions/A/CarbonCore
0x0000000050829000 	/System/Library/Frameworks/CoreServices.framework/Versions/A/Frameworks/Metadata.framework/Versions/A/Metadata
0x0000000050829000 	/System/Library/Frameworks/CoreServices.framework/Versions/A/Frameworks/OSServices.framework/Versions/A/OSServices
0x0000000050829000 	/System/Library/Frameworks/CoreServices.framework/Versions/A/Frameworks/SearchKit.framework/Versions/A/SearchKit
0x0000000050829000 	/System/Library/Frameworks/CoreServices.framework/Versions/A/Frameworks/AE.framework/Versions/A/AE
0x0000000050829000 	/System/Library/Frameworks/CoreServices.framework/Versions/A/Frameworks/LaunchServices.framework/Versions/A/LaunchServices
0x0000000050829000 	/System/Library/Frameworks/CoreServices.framework/Versions/A/Frameworks/DictionaryServices.framework/Versions/A/DictionaryServices
0x0000000050829000 	/System/Library/Frameworks/CoreServices.framework/Versions/A/Frameworks/SharedFileList.framework/Versions/A/SharedFileList
0x0000000050829000 	/System/Library/Frameworks/NetFS.framework/Versions/A/NetFS
0x0000000050829000 	/System/Library/PrivateFrameworks/NetAuth.framework/Versions/A/NetAuth
0x0000000050829000 	/System/Library/PrivateFrameworks/login.framework/Versions/A/Frameworks/loginsupport.framework/Versions/A/loginsupport
0x0000000050829000 	/System/Library/PrivateFrameworks/TCC.framework/Versions/A/TCC
0x0000000050829000 	/usr/lib/libmecabra.dylib
0x0000000050829000 	/System/Library/Frameworks/ApplicationServices.framework/Versions/A/Frameworks/ATS.framework/Versions/A/ATS
0x0000000050829000 	/System/Library/Frameworks/ApplicationServices.framework/Versions/A/Frameworks/ColorSync.framework/Versions/A/ColorSync
0x0000000050829000 	/System/Library/Frameworks/ApplicationServices.framework/Versions/A/Frameworks/HIServices.framework/Versions/A/HIServices
0x0000000050829000 	/System/Library/Frameworks/ApplicationServices.framework/Versions/A/Frameworks/LangAnalysis.framework/Versions/A/LangAnalysis
0x0000000050829000 	/System/Library/Frameworks/ApplicationServices.framework/Versions/A/Frameworks/PrintCore.framework/Versions/A/PrintCore
0x0000000050829000 	/System/Library/Frameworks/ApplicationServices.framework/Versions/A/Frameworks/QD.framework/Versions/A/QD
0x0000000050829000 	/System/Library/Frameworks/ApplicationServices.framework/Versions/A/Frameworks/SpeechSynthesis.framework/Versions/A/SpeechSynthesis
0x0000000050829000 	/System/Library/Frameworks/Accelerate.framework/Versions/A/Frameworks/vImage.framework/Versions/A/vImage
0x0000000050829000 	/System/Library/Frameworks/Accelerate.framework/Versions/A/Frameworks/vecLib.framework/Versions/A/vecLib
0x0000000050829000 	/System/Library/Frameworks/Accelerate.framework/Versions/A/Frameworks/vecLib.framework/Versions/A/libvDSP.dylib
0x0000000050829000 	/System/Library/Frameworks/Accelerate.framework/Versions/A/Frameworks/vecLib.framework/Versions/A/libBNNS.dylib
0x0000000050829000 	/System/Library/Frameworks/Accelerate.framework/Versions/A/Frameworks/vecLib.framework/Versions/A/libQuadrature.dylib
0x0000000050829000 	/System/Library/Frameworks/Accelerate.framework/Versions/A/Frameworks/vecLib.framework/Versions/A/libvMisc.dylib
0x0000000050829000 	/System/Library/Frameworks/Accelerate.framework/Versions/A/Frameworks/vecLib.framework/Versions/A/libLAPACK.dylib
0x0000000050829000 	/System/Library/Frameworks/Accelerate.framework/Versions/A/Frameworks/vecLib.framework/Versions/A/libBLAS.dylib
0x0000000050829000 	/System/Library/Frameworks/Accelerate.framework/Versions/A/Frameworks/vecLib.framework/Versions/A/libLinearAlgebra.dylib
0x0000000050829000 	/System/Library/Frameworks/Accelerate.framework/Versions/A/Frameworks/vecLib.framework/Versions/A/libSparseBLAS.dylib
0x0000000050829000 	/System/Library/Frameworks/ApplicationServices.framework/Versions/A/Frameworks/ATS.framework/Versions/A/Resources/libFontParser.dylib
0x0000000050829000 	/System/Library/Frameworks/ApplicationServices.framework/Versions/A/Frameworks/ATS.framework/Versions/A/Resources/libFontRegistry.dylib
0x0000000050829000 	/System/Library/Frameworks/ImageIO.framework/Versions/A/Resources/libJPEG.dylib
0x0000000050829000 	/System/Library/Frameworks/ImageIO.framework/Versions/A/Resources/libTIFF.dylib
0x0000000050829000 	/System/Library/Frameworks/ImageIO.framework/Versions/A/Resources/libPng.dylib
0x0000000050829000 	/System/Library/Frameworks/ImageIO.framework/Versions/A/Resources/libGIF.dylib
0x0000000050829000 	/System/Library/Frameworks/ImageIO.framework/Versions/A/Resources/libJP2.dylib
0x0000000050829000 	/System/Library/Frameworks/ImageIO.framework/Versions/A/Resources/libRadiance.dylib
0x0000000050829000 	/usr/lib/libcompression.dylib
0x0000000050829000 	/System/Library/PrivateFrameworks/AppleJPEG.framework/Versions/A/AppleJPEG
0x0000000050829000 	/usr/lib/libcups.2.dylib
0x0000000050829000 	/System/Library/Frameworks/Kerberos.framework/Versions/A/Kerberos
0x0000000050829000 	/System/Library/Frameworks/GSS.framework/Versions/A/GSS
0x0000000050829000 	/usr/lib/libresolv.9.dylib
0x0000000050829000 	/usr/lib/libiconv.2.dylib
0x0000000050829000 	/System/Library/PrivateFrameworks/Heimdal.framework/Versions/A/Heimdal
0x0000000050829000 	/usr/lib/libheimdal-asn1.dylib
0x0000000050829000 	/System/Library/Frameworks/OpenDirectory.framework/Versions/A/OpenDirectory
0x0000000050829000 	/System/Library/PrivateFrameworks/CommonAuth.framework/Versions/A/CommonAuth
0x0000000050829000 	/System/Library/Frameworks/OpenDirectory.framework/Versions/A/Frameworks/CFOpenDirectory.framework/Versions/A/CFOpenDirectory
0x0000000050829000 	/System/Library/Frameworks/SecurityFoundation.framework/Versions/A/SecurityFoundation
0x0000000050829000 	/System/Library/PrivateFrameworks/LanguageModeling.framework/Versions/A/LanguageModeling
0x0000000050829000 	/usr/lib/libmarisa.dylib
0x0000000050829000 	/usr/lib/libChineseTokenizer.dylib
0x0000000050829000 	/usr/lib/libcmph.dylib
0x0000000050829000 	/System/Library/PrivateFrameworks/CoreEmoji.framework/Versions/A/CoreEmoji
0x0000000050829000 	/System/Library/Frameworks/ServiceManagement.framework/Versions/A/ServiceManagement
0x0000000050829000 	/usr/lib/libxslt.1.dylib
0x0000000050829000 	/System/Library/Frameworks/Carbon.framework/Versions/A/Frameworks/Ink.framework/Versions/A/Ink
0x0000000050829000 	/System/Library/PrivateFrameworks/TextureIO.framework/Versions/A/TextureIO
0x0000000050829000 	/System/Library/Frameworks/Metal.framework/Versions/A/Metal
0x0000000050829000 	/usr/lib/libate.dylib
0x0000000050829000 	/System/Library/PrivateFrameworks/GPUCompiler.framework/libmetal_timestamp.dylib
0x0000000050829000 	/System/Library/Frameworks/OpenGL.framework/Versions/A/Libraries/libCoreFSCache.dylib
0x0000000050829000 	/System/Library/PrivateFrameworks/IOAccelerator.framework/Versions/A/IOAccelerator
0x0000000050829000 	/System/Library/Frameworks/CoreVideo.framework/Versions/A/CoreVideo
0x0000000050829000 	/usr/lib/libFosl_dynamic.dylib
0x0000000050829000 	/System/Library/PrivateFrameworks/MetalPerformanceShaders.framework/Versions/A/MetalPerformanceShaders
0x0000000050829000 	/System/Library/PrivateFrameworks/FaceCore.framework/Versions/A/FaceCore
0x0000000050829000 	/System/Library/Frameworks/OpenCL.framework/Versions/A/OpenCL
0x0000000050829000 	/System/Library/Frameworks/OpenGL.framework/Versions/A/Libraries/libGLU.dylib
0x0000000050829000 	/System/Library/Frameworks/OpenGL.framework/Versions/A/Libraries/libGFXShared.dylib
0x0000000050829000 	/System/Library/Frameworks/OpenGL.framework/Versions/A/Libraries/libGL.dylib
0x0000000050829000 	/System/Library/Frameworks/OpenGL.framework/Versions/A/Libraries/libGLImage.dylib
0x0000000050829000 	/System/Library/Frameworks/OpenGL.framework/Versions/A/Libraries/libCVMSPluginSupport.dylib
0x0000000050829000 	/System/Library/Frameworks/OpenGL.framework/Versions/A/Libraries/libCoreVMClient.dylib
0x0000000050829000 	/System/Library/PrivateFrameworks/CrashReporterSupport.framework/Versions/A/CrashReporterSupport
0x0000000050829000 	/System/Library/PrivateFrameworks/Sharing.framework/Versions/A/Sharing
0x0000000050829000 	/System/Library/PrivateFrameworks/IconServices.framework/Versions/A/IconServices
0x0000000050829000 	/System/Library/PrivateFrameworks/ProtocolBuffer.framework/Versions/A/ProtocolBuffer
0x0000000050829000 	/System/Library/PrivateFrameworks/Apple80211.framework/Versions/A/Apple80211
0x0000000050829000 	/System/Library/Frameworks/CoreWLAN.framework/Versions/A/CoreWLAN
0x0000000050829000 	/System/Library/PrivateFrameworks/CoreUtils.framework/Versions/A/CoreUtils
0x0000000050829000 	/System/Library/Frameworks/IOBluetooth.framework/Versions/A/IOBluetooth
0x0000000050829000 	/System/Library/PrivateFrameworks/CoreWiFi.framework/Versions/A/CoreWiFi
0x0000000050829000 	/System/Library/Frameworks/CoreBluetooth.framework/Versions/A/CoreBluetooth
0x0000000050829000 	/System/Library/Frameworks/CoreDisplay.framework/Versions/A/CoreDisplay
0x0000000050829000 	/System/Library/PrivateFrameworks/IOPresentment.framework/Versions/A/IOPresentment
0x0000000050829000 	/System/Library/PrivateFrameworks/DSExternalDisplay.framework/Versions/A/DSExternalDisplay
0x0000000050829000 	/System/Library/PrivateFrameworks/DebugSymbols.framework/Versions/A/DebugSymbols
0x0000000050829000 	/System/Library/PrivateFrameworks/CoreSymbolication.framework/Versions/A/CoreSymbolication
0x0000000050829000 	/System/Library/PrivateFrameworks/Symbolication.framework/Versions/A/Symbolication
0x0000000050829000 	/System/Library/PrivateFrameworks/AppleFSCompression.framework/Versions/A/AppleFSCompression
0x0000000050829000 	/System/Library/PrivateFrameworks/SpeechRecognitionCore.framework/Versions/A/SpeechRecognitionCore
0x0000000050829000 	/System/Library/PrivateFrameworks/ChunkingLibrary.framework/Versions/A/ChunkingLibrary
0x00000000478f5000 	/System/Library/CoreServices/Encodings/libKoreanConverter.dylib
0x000000010244d000 	/Library/Java/JavaVirtualMachines/jdk1.8.0_131.jdk/Contents/Home/jre/lib/server/libjvm.dylib
0x0000000050829000 	/usr/lib/libstdc++.6.dylib
0x00000001033f0000 	/Library/Java/JavaVirtualMachines/jdk1.8.0_131.jdk/Contents/Home/jre/lib/libverify.dylib
0x0000000103c00000 	/Library/Java/JavaVirtualMachines/jdk1.8.0_131.jdk/Contents/Home/jre/lib/libjava.dylib
0x0000000103c35000 	/Library/Java/JavaVirtualMachines/jdk1.8.0_131.jdk/Contents/Home/jre/lib/libinstrument.dylib
0x0000000103c92000 	/Library/Java/JavaVirtualMachines/jdk1.8.0_131.jdk/Contents/Home/jre/lib/libzip.dylib
0x000000010a5d6000 	/System/Library/Frameworks/JavaVM.framework/Frameworks/JavaRuntimeSupport.framework/JavaRuntimeSupport
0x000000010a5f0000 	/System/Library/Frameworks/JavaVM.framework/Versions/A/Frameworks/JavaNativeFoundation.framework/Versions/A/JavaNativeFoundation
0x000000010a605000 	/System/Library/Frameworks/JavaVM.framework/Versions/A/JavaVM
0x0000000050829000 	/System/Library/Frameworks/Carbon.framework/Versions/A/Carbon
0x000000010a612000 	/System/Library/PrivateFrameworks/JavaLaunching.framework/Versions/A/JavaLaunching
0x0000000050829000 	/System/Library/Frameworks/Carbon.framework/Versions/A/Frameworks/CommonPanels.framework/Versions/A/CommonPanels
0x0000000050829000 	/System/Library/Frameworks/Carbon.framework/Versions/A/Frameworks/Help.framework/Versions/A/Help
0x0000000050829000 	/System/Library/Frameworks/Carbon.framework/Versions/A/Frameworks/ImageCapture.framework/Versions/A/ImageCapture
0x0000000050829000 	/System/Library/Frameworks/Carbon.framework/Versions/A/Frameworks/OpenScripting.framework/Versions/A/OpenScripting
0x0000000050829000 	/System/Library/Frameworks/Carbon.framework/Versions/A/Frameworks/Print.framework/Versions/A/Print
0x0000000050829000 	/System/Library/Frameworks/Carbon.framework/Versions/A/Frameworks/SecurityHI.framework/Versions/A/SecurityHI
0x000000010c079000 	/Library/Java/JavaVirtualMachines/jdk1.8.0_131.jdk/Contents/Home/jre/lib/libnet.dylib
0x000000010c16f000 	/Library/Java/JavaVirtualMachines/jdk1.8.0_131.jdk/Contents/Home/jre/lib/libprism_es2.dylib
0x000000010c1d5000 	/System/Library/Frameworks/OpenGL.framework/Resources/GLEngine.bundle/GLEngine
0x0000000050829000 	/System/Library/Frameworks/OpenGL.framework/Versions/A/Libraries/libGLProgrammability.dylib
0x000000010c3ba000 	/System/Library/Extensions/AppleIntelHD5000GraphicsGLDriver.bundle/Contents/MacOS/AppleIntelHD5000GraphicsGLDriver
0x0000000050829000 	/System/Library/PrivateFrameworks/GPUSupport.framework/Versions/A/Libraries/libGPUSupportMercury.dylib
0x000000010cb2d000 	/System/Library/Frameworks/OpenGL.framework/Resources//GLRendererFloat.bundle/GLRendererFloat
0x0000000050829000 	/System/Library/Frameworks/OpenCL.framework/Versions/A/Libraries/libcldcpuengine.dylib
0x0000000050829000 	/usr/lib/libcrypto.0.9.8.dylib
0x0000000050829000 	/System/Library/PrivateFrameworks/TrustEvaluationAgent.framework/Versions/A/TrustEvaluationAgent
0x000000010cf90000 	/Library/Java/JavaVirtualMachines/jdk1.8.0_131.jdk/Contents/Home/jre/lib/libglass.dylib
0x0000000050829000 	/System/Library/PrivateFrameworks/CoreServicesInternal.framework/Versions/A/CoreServicesInternal
0x0000000050829000 	/System/Library/CoreServices/RawCamera.bundle/Contents/MacOS/RawCamera
0x000000010d413000 	/System/Library/Frameworks/Accelerate.framework/Frameworks/vImage.framework/Versions/A/Libraries/libCGInterfaces.dylib
0x0000000050829000 	/System/Library/PrivateFrameworks/FamilyControls.framework/Versions/A/FamilyControls
0x0000000050829000 	/System/Library/PrivateFrameworks/CommerceKit.framework/Versions/A/Frameworks/CommerceCore.framework/Versions/A/CommerceCore
0x0000000050829000 	/System/Library/PrivateFrameworks/SystemAdministration.framework/Versions/A/SystemAdministration
0x0000000050829000 	/System/Library/PrivateFrameworks/AppContainer.framework/Versions/A/AppContainer
0x0000000050829000 	/System/Library/PrivateFrameworks/SecCodeWrapper.framework/Versions/A/SecCodeWrapper
0x0000000050829000 	/System/Library/Frameworks/DirectoryService.framework/Versions/A/DirectoryService
0x0000000050829000 	/System/Library/PrivateFrameworks/DiskImages.framework/Versions/A/DiskImages
0x0000000050829000 	/System/Library/PrivateFrameworks/LoginUIKit.framework/Versions/A/Frameworks/LoginUICore.framework/Versions/A/LoginUICore
0x0000000050829000 	/usr/lib/libCoreStorage.dylib
0x0000000050829000 	/usr/lib/libcsfde.dylib
0x0000000050829000 	/usr/lib/libodfde.dylib
0x0000000050829000 	/System/Library/Frameworks/DiscRecording.framework/Versions/A/DiscRecording
0x0000000050829000 	/usr/lib/libcurl.4.dylib
0x0000000050829000 	/System/Library/PrivateFrameworks/MediaKit.framework/Versions/A/MediaKit
0x0000000050829000 	/System/Library/PrivateFrameworks/ProtectedCloudStorage.framework/Versions/A/ProtectedCloudStorage
0x0000000050829000 	/System/Library/PrivateFrameworks/EFILogin.framework/Versions/A/EFILogin
0x0000000050829000 	/usr/lib/libutil.dylib
0x0000000050829000 	/System/Library/Frameworks/LDAP.framework/Versions/A/LDAP
0x0000000050829000 	/usr/lib/libsasl2.2.dylib
0x0000000050829000 	/System/Library/PrivateFrameworks/CoreDaemon.framework/Versions/B/CoreDaemon
0x0000000050829000 	/System/Library/PrivateFrameworks/AppleSRP.framework/Versions/A/AppleSRP
0x0000000050829000 	/System/Library/PrivateFrameworks/APFS.framework/Versions/A/APFS
0x000000011f322000 	/Library/Java/JavaVirtualMachines/jdk1.8.0_131.jdk/Contents/Home/jre/lib/libglib-lite.dylib
0x000000011f443000 	/Library/Java/JavaVirtualMachines/jdk1.8.0_131.jdk/Contents/Home/jre/lib/libgstreamer-lite.dylib
0x000000011f5bb000 	/Library/Java/JavaVirtualMachines/jdk1.8.0_131.jdk/Contents/Home/jre/lib/libjfxmedia.dylib
0x000000011f5f6000 	/Library/Java/JavaVirtualMachines/jdk1.8.0_131.jdk/Contents/Home/jre/lib/libjfxmedia_avf.dylib
0x0000000050829000 	/System/Library/Frameworks/AVFoundation.framework/Versions/A/AVFoundation
0x0000000050829000 	/System/Library/Frameworks/CoreMedia.framework/Versions/A/CoreMedia
0x0000000050829000 	/System/Library/Frameworks/MediaToolbox.framework/Versions/A/MediaToolbox
0x0000000050829000 	/System/Library/Frameworks/AVFoundation.framework/Versions/A/Frameworks/AVFAudio.framework/Versions/A/AVFAudio
0x0000000050829000 	/System/Library/Frameworks/VideoToolbox.framework/Versions/A/VideoToolbox
0x0000000050829000 	/System/Library/PrivateFrameworks/IntlPreferences.framework/Versions/A/IntlPreferences
0x0000000050829000 	/System/Library/Frameworks/CoreMediaIO.framework/Versions/A/CoreMediaIO
0x0000000050829000 	/usr/lib/libspindump.dylib
0x0000000050829000 	/usr/lib/libdscsym.dylib
0x0000000050829000 	/System/Library/PrivateFrameworks/CoreAVCHD.framework/Versions/A/CoreAVCHD
0x0000000050829000 	/System/Library/Frameworks/MediaAccessibility.framework/Versions/A/MediaAccessibility
0x0000000050829000 	/System/Library/PrivateFrameworks/Mangrove.framework/Versions/A/Mangrove
0x0000000050829000 	/System/Library/PrivateFrameworks/CoreAUC.framework/Versions/A/CoreAUC
0x0000000050829000 	/System/Library/PrivateFrameworks/AppleVA.framework/Versions/A/AppleVA
0x0000000050829000 	/System/Library/PrivateFrameworks/XPCService.framework/Versions/A/XPCService
0x0000000050829000 	/System/Library/PrivateFrameworks/AppSandbox.framework/Versions/A/AppSandbox
0x0000000050829000 	/usr/lib/libsandbox.1.dylib
0x0000000050829000 	/usr/lib/libMatch.1.dylib
0x000000011f62b000 	/Library/Java/JavaVirtualMachines/jdk1.8.0_131.jdk/Contents/Home/jre/lib/libjfxmedia_qtkit.dylib
0x0000000050829000 	/System/Library/Frameworks/QTKit.framework/Versions/A/QTKit
0x0000000050829000 	/System/Library/PrivateFrameworks/CoreMediaAuthoring.framework/Versions/A/CoreMediaAuthoring
0x000000011f838000 	/Library/Java/JavaVirtualMachines/jdk1.8.0_131.jdk/Contents/Home/jre/lib/libfxplugins.dylib
0x000000010d008000 	/System/Library/Frameworks/VideoDecodeAcceleration.framework/Versions/A/VideoDecodeAcceleration
0x000000011f863000 	/Library/Java/JavaVirtualMachines/jdk1.8.0_131.jdk/Contents/Home/jre/lib/libnio.dylib
0x000000010d459000 	/System/Library/Extensions/AppleHDA.kext/Contents/PlugIns/AppleHDAHALPlugIn.bundle/Contents/MacOS/AppleHDAHALPlugIn
0x000000011f89a000 	/System/Library/Components/CoreAudio.component/Contents/MacOS/CoreAudio
0x0000000050829000 	/System/Library/PrivateFrameworks/AppleGVA.framework/Versions/A/AppleGVA
0x000000011fdee000 	/System/Library/Components/AudioCodecs.component/Contents/MacOS/AudioCodecs
0x000000011fa98000 	/Library/Java/JavaVirtualMachines/jdk1.8.0_131.jdk/Contents/Home/jre/lib/libjavafx_font.dylib
0x0000000050829000 	/System/Library/Frameworks/ApplicationServices.framework/Versions/A/Frameworks/ATS.framework/Versions/A/Resources/libTrueTypeScaler.dylib
0x0000000123943000 	/System/Library/Extensions/AppleIntelHD5000GraphicsMTLDriver.bundle/Contents/MacOS/AppleIntelHD5000GraphicsMTLDriver
0x0000000050829000 	/System/Library/PrivateFrameworks/ViewBridge.framework/Versions/A/ViewBridge
0x0000000123932000 	/Library/Java/JavaVirtualMachines/jdk1.8.0_131.jdk/Contents/Home/jre/lib/libprism_common.dylib

VM Arguments:
jvm_args: -javaagent:/Applications/IntelliJ IDEA.app/Contents/lib/idea_rt.jar=56910:/Applications/IntelliJ IDEA.app/Contents/bin -Dfile.encoding=UTF-8 
java_command: javatutorials.ch17_javaFx.sec07.exam04_mediaview.AppMain
java_class_path (initial): /Users/Nekisse_lee/Documents/java_tutorials/bin:/Library/Java/JavaVirtualMachines/jdk1.8.0_131.jdk/Contents/Home/jre/lib/charsets.jar:/Library/Java/JavaVirtualMachines/jdk1.8.0_131.jdk/Contents/Home/jre/lib/deploy.jar:/Library/Java/JavaVirtualMachines/jdk1.8.0_131.jdk/Contents/Home/jre/lib/ext/cldrdata.jar:/Library/Java/JavaVirtualMachines/jdk1.8.0_131.jdk/Contents/Home/jre/lib/ext/dnsns.jar:/Library/Java/JavaVirtualMachines/jdk1.8.0_131.jdk/Contents/Home/jre/lib/ext/jaccess.jar:/Library/Java/JavaVirtualMachines/jdk1.8.0_131.jdk/Contents/Home/jre/lib/ext/jfxrt.jar:/Library/Java/JavaVirtualMachines/jdk1.8.0_131.jdk/Contents/Home/jre/lib/ext/localedata.jar:/Library/Java/JavaVirtualMachines/jdk1.8.0_131.jdk/Contents/Home/jre/lib/ext/nashorn.jar:/Library/Java/JavaVirtualMachines/jdk1.8.0_131.jdk/Contents/Home/jre/lib/ext/sunec.jar:/Library/Java/JavaVirtualMachines/jdk1.8.0_131.jdk/Contents/Home/jre/lib/ext/sunjce_provider.jar:/Library/Java/JavaVirtualMachines/jdk1.8.0_131.jdk/Contents/Home/jre/lib/ext/sunpkcs11.jar:/Library/Java/JavaVirtualMachines/jdk1.8.0_131.jdk/Contents/Home/jre/lib/ext/zipfs.jar:/Library/Java/JavaVirtualMachines/jdk1.8.0_131.jdk/Contents/Home/jre/lib/javaws.jar:/Library/Java/JavaVirtualMachines/jdk1.8.0_131.jdk/Contents/Home/jre/lib/jce.jar:/Library/Java/JavaVirtualMachines/jdk1.8.0_131.jdk/Contents/Home/jre/lib/jfr.jar:/Library/Java/JavaVirtualMachines/jdk1.8.0_131.jdk/Contents/Home/jre/lib/jfxswt.jar:/Library/Java/JavaVirtualMachines/jdk1.8.0_131.jdk/Contents/Home/jre/lib/jsse.jar:/Library/Java/JavaVirtualMachines/jdk1.8.0_131.jdk/Contents/Home/jre/lib/management-agent.jar:/Library/Java/JavaVirtualMachines/jdk1.8.0_131.jdk/Contents/Home/jre/lib/plugin.jar:/Library/Java/JavaVirtualMachines/jdk1.8.0_131.jdk/Contents/Home/jre/lib/resources.jar:/Library/Java/JavaVirtualMachines/jdk1.8.0_131.jdk/Contents/Home/jre/lib/rt.jar:/Library/Java/JavaVirtualMachines/jdk1.8.0_131.jdk/Contents/Home/lib/ant-javafx.jar:/Library/Java/Ja
Launcher Type: SUN_STANDARD

Environment Variables:
JAVA_HOME=/Library/Java/JavaVirtualMachines/jdk1.8.0_131.jdk/Contents/Home
PATH=/usr/bin:/bin:/usr/sbin:/sbin:/usr/local/bin
SHELL=/bin/bash

Signal Handlers:
SIGSEGV: [libjvm.dylib+0x5b1eb1], sa_mask[0]=11111111011111110111111111111111, sa_flags=SA_ONSTACK|SA_RESTART|SA_SIGINFO
SIGBUS: [libjvm.dylib+0x5b1eb1], sa_mask[0]=11111111011111110111111111111111, sa_flags=SA_RESTART|SA_SIGINFO
SIGFPE: [libjvm.dylib+0x488988], sa_mask[0]=11111111011111110111111111111111, sa_flags=SA_RESTART|SA_SIGINFO
SIGPIPE: [libjvm.dylib+0x488988], sa_mask[0]=11111111011111110111111111111111, sa_flags=SA_RESTART|SA_SIGINFO
SIGXFSZ: [libjvm.dylib+0x488988], sa_mask[0]=11111111011111110111111111111111, sa_flags=SA_RESTART|SA_SIGINFO
SIGILL: [libjvm.dylib+0x488988], sa_mask[0]=11111111011111110111111111111111, sa_flags=SA_RESTART|SA_SIGINFO
SIGUSR1: SIG_DFL, sa_mask[0]=00000000000000000000000000000000, sa_flags=none
SIGUSR2: [libjvm.dylib+0x4884a6], sa_mask[0]=00100000000000000000000000000000, sa_flags=SA_RESTART|SA_SIGINFO
SIGHUP: [libjvm.dylib+0x486a7d], sa_mask[0]=11111111011111110111111111111111, sa_flags=SA_RESTART|SA_SIGINFO
SIGINT: [libjvm.dylib+0x486a7d], sa_mask[0]=11111111011111110111111111111111, sa_flags=SA_RESTART|SA_SIGINFO
SIGTERM: [libjvm.dylib+0x486a7d], sa_mask[0]=11111111011111110111111111111111, sa_flags=SA_RESTART|SA_SIGINFO
SIGQUIT: [libjvm.dylib+0x486a7d], sa_mask[0]=11111111011111110111111111111111, sa_flags=SA_RESTART|SA_SIGINFO


---------------  S Y S T E M  ---------------

OS:Bsduname:Darwin 16.7.0 Darwin Kernel Version 16.7.0: Thu Jun 15 17:36:27 PDT 2017; root:xnu-3789.70.16~2/RELEASE_X86_64 x86_64
rlimit: STACK 8192k, CORE 0k, NPROC 709, NOFILE 10240, AS infinity
load average:3.24 3.31 3.16

CPU:total 4 (initial active 4) (2 cores per cpu, 2 threads per core) family 6 model 69 stepping 1, cmov, cx8, fxsr, mmx, sse, sse2, sse3, ssse3, sse4.1, sse4.2, popcnt, avx, avx2, aes, clmul, erms, lzcnt, ht, tsc, tscinvbit, bmi1, bmi2

Memory: 4k page, physical 8388608k(1699352k free)

/proc/meminfo:


vm_info: Java HotSpot(TM) 64-Bit Server VM (25.131-b11) for bsd-amd64 JRE (1.8.0_131-b11), built on Mar 15 2017 01:32:22 by "java_re" with gcc 4.2.1 (Based on Apple Inc. build 5658) (LLVM build 2336.11.00)

time: Wed Jul 26 16:55:09 2017
elapsed time: 36 seconds (0d 0h 0m 36s)

